2017-01-06 07:51:40 [127.0.0.1][-][-][error][yii\base\ErrorException:1] exception 'yii\base\ErrorException' with message 'Class 'dms\events\Yii' not found' in G:\wamp\www\dms\dms\events\initSiteConfig.php:15
Stack trace:
#0 [internal function]: yii\base\ErrorHandler->handleFatalError()
#1 {main}
2017-01-06 07:51:40 [127.0.0.1][-][-][info][application] $_GET = [
    'tag' => '586f3e7b5ee17'
]

$_COOKIE = [
    '_csrf-dms' => '2f42b40637c95a1c7ff8e3c1d5e8ebb08ce63ee51444a0b4dbe3a19fc298878fa:2:{i:0;s:9:\"_csrf-dms\";i:1;s:32:\"08Y6_pUKmUDL-7G8MQCzSxBGhl63tMid\";}'
    'advanced-dms' => 'ju5pihr4a4lf3roq0ehfig06o5'
    '_identity-dms' => 'c20ea7d1cba940a93ad09a2e2295beeac816cc9fba0298fff2f4d560951436a0a:2:{i:0;s:13:\"_identity-dms\";i:1;s:46:\"[1,\"BXVEZBxBX8IfnV2ZvZteYALorDvJ7JK3\",2592000]\";}'
]

$_SERVER = [
    'REDIRECT_STATUS' => '200'
    'HTTP_HOST' => 'www.dms.com'
    'HTTP_CONNECTION' => 'keep-alive'
    'HTTP_ACCEPT' => 'text/html'
    'HTTP_X_REQUESTED_WITH' => 'XMLHttpRequest'
    'HTTP_USER_AGENT' => 'Mozilla/5.0 (Windows NT 10.0; WOW64) AppleWebKit/537.36 (KHTML, like Gecko) Chrome/55.0.2883.87 Safari/537.36'
    'HTTP_REFERER' => 'http://www.dms.com/system/smtp'
    'HTTP_ACCEPT_ENCODING' => 'gzip, deflate, sdch'
    'HTTP_ACCEPT_LANGUAGE' => 'zh-CN,zh;q=0.8'
    'HTTP_COOKIE' => '_csrf-dms=2f42b40637c95a1c7ff8e3c1d5e8ebb08ce63ee51444a0b4dbe3a19fc298878fa%3A2%3A%7Bi%3A0%3Bs%3A9%3A%22_csrf-dms%22%3Bi%3A1%3Bs%3A32%3A%2208Y6_pUKmUDL-7G8MQCzSxBGhl63tMid%22%3B%7D; advanced-dms=ju5pihr4a4lf3roq0ehfig06o5; _identity-dms=c20ea7d1cba940a93ad09a2e2295beeac816cc9fba0298fff2f4d560951436a0a%3A2%3A%7Bi%3A0%3Bs%3A13%3A%22_identity-dms%22%3Bi%3A1%3Bs%3A46%3A%22%5B1%2C%22BXVEZBxBX8IfnV2ZvZteYALorDvJ7JK3%22%2C2592000%5D%22%3B%7D'
    'PATH' => 'C:\\ProgramData\\Oracle\\Java\\javapath;C:\\windows\\system32;C:\\windows;D:\\wamp\\bin\\php\\php5.5.12;C:\\Program Files (x86)\\NVIDIA Corporation\\PhysX\\Common;D:\\TortoiseSVN\\bin;C:\\WINDOWS\\system32;C:\\WINDOWS;C:\\WINDOWS\\System32\\Wbem;C:\\WINDOWS\\System32\\WindowsPowerShell\\v1.0\\;C:\\ProgramData\\ComposerSetup\\bin;D:\\Git\\cmd;C:\\WINDOWS\\system32\\config\\systemprofile\\AppData\\Local\\Microsoft\\WindowsApps'
    'SystemRoot' => 'C:\\WINDOWS'
    'COMSPEC' => 'C:\\WINDOWS\\system32\\cmd.exe'
    'PATHEXT' => '.COM;.EXE;.BAT;.CMD;.VBS;.VBE;.JS;.JSE;.WSF;.WSH;.MSC'
    'WINDIR' => 'C:\\WINDOWS'
    'SERVER_SIGNATURE' => '<address>Apache/2.4.9 (Win32) Server at www.dms.com Port 80</address>
'
    'SERVER_SOFTWARE' => 'Apache/2.4.9 (Win32)'
    'SERVER_NAME' => 'www.dms.com'
    'SERVER_ADDR' => '127.0.0.1'
    'SERVER_PORT' => '80'
    'REMOTE_ADDR' => '127.0.0.1'
    'DOCUMENT_ROOT' => 'G:/wamp/www/dms/dms/web'
    'REQUEST_SCHEME' => 'http'
    'CONTEXT_PREFIX' => ''
    'CONTEXT_DOCUMENT_ROOT' => 'G:/wamp/www/dms/dms/web'
    'SERVER_ADMIN' => 'admin@example.com'
    'SCRIPT_FILENAME' => 'G:/wamp/www/dms/dms/web/index.php'
    'REMOTE_PORT' => '58409'
    'REDIRECT_QUERY_STRING' => 'tag=586f3e7b5ee17'
    'REDIRECT_URL' => '/debug/default/toolbar'
    'GATEWAY_INTERFACE' => 'CGI/1.1'
    'SERVER_PROTOCOL' => 'HTTP/1.1'
    'REQUEST_METHOD' => 'GET'
    'QUERY_STRING' => 'tag=586f3e7b5ee17'
    'REQUEST_URI' => '/debug/default/toolbar?tag=586f3e7b5ee17'
    'SCRIPT_NAME' => '/index.php'
    'PHP_SELF' => '/index.php'
    'REQUEST_TIME_FLOAT' => 1483685500.029
    'REQUEST_TIME' => 1483685500
]
2017-01-06 07:51:43 [127.0.0.1][-][-][error][yii\base\ErrorException:1] exception 'yii\base\ErrorException' with message 'Class 'dms\events\Yii' not found' in G:\wamp\www\dms\dms\events\initSiteConfig.php:15
Stack trace:
#0 [internal function]: yii\base\ErrorHandler->handleFatalError()
#1 {main}
2017-01-06 07:51:43 [127.0.0.1][-][-][info][application] $_POST = [
    'email' => '179611207@qq.com'
]

$_COOKIE = [
    '_csrf-dms' => '2f42b40637c95a1c7ff8e3c1d5e8ebb08ce63ee51444a0b4dbe3a19fc298878fa:2:{i:0;s:9:\"_csrf-dms\";i:1;s:32:\"08Y6_pUKmUDL-7G8MQCzSxBGhl63tMid\";}'
    'advanced-dms' => 'ju5pihr4a4lf3roq0ehfig06o5'
    '_identity-dms' => 'c20ea7d1cba940a93ad09a2e2295beeac816cc9fba0298fff2f4d560951436a0a:2:{i:0;s:13:\"_identity-dms\";i:1;s:46:\"[1,\"BXVEZBxBX8IfnV2ZvZteYALorDvJ7JK3\",2592000]\";}'
]

$_SERVER = [
    'REDIRECT_STATUS' => '200'
    'HTTP_HOST' => 'www.dms.com'
    'HTTP_CONNECTION' => 'keep-alive'
    'CONTENT_LENGTH' => '24'
    'HTTP_ACCEPT' => '*/*'
    'HTTP_ORIGIN' => 'http://www.dms.com'
    'HTTP_X_CSRF_TOKEN' => 'UXA5dlMzVFZhSGBADEMBHTwlfTp.BBNuHCF6DABLFhE5HA9FJ349Mg=='
    'HTTP_X_REQUESTED_WITH' => 'XMLHttpRequest'
    'HTTP_USER_AGENT' => 'Mozilla/5.0 (Windows NT 10.0; WOW64) AppleWebKit/537.36 (KHTML, like Gecko) Chrome/55.0.2883.87 Safari/537.36'
    'CONTENT_TYPE' => 'application/x-www-form-urlencoded; charset=UTF-8'
    'HTTP_REFERER' => 'http://www.dms.com/system/smtp'
    'HTTP_ACCEPT_ENCODING' => 'gzip, deflate'
    'HTTP_ACCEPT_LANGUAGE' => 'zh-CN,zh;q=0.8'
    'HTTP_COOKIE' => '_csrf-dms=2f42b40637c95a1c7ff8e3c1d5e8ebb08ce63ee51444a0b4dbe3a19fc298878fa%3A2%3A%7Bi%3A0%3Bs%3A9%3A%22_csrf-dms%22%3Bi%3A1%3Bs%3A32%3A%2208Y6_pUKmUDL-7G8MQCzSxBGhl63tMid%22%3B%7D; advanced-dms=ju5pihr4a4lf3roq0ehfig06o5; _identity-dms=c20ea7d1cba940a93ad09a2e2295beeac816cc9fba0298fff2f4d560951436a0a%3A2%3A%7Bi%3A0%3Bs%3A13%3A%22_identity-dms%22%3Bi%3A1%3Bs%3A46%3A%22%5B1%2C%22BXVEZBxBX8IfnV2ZvZteYALorDvJ7JK3%22%2C2592000%5D%22%3B%7D'
    'PATH' => 'C:\\ProgramData\\Oracle\\Java\\javapath;C:\\windows\\system32;C:\\windows;D:\\wamp\\bin\\php\\php5.5.12;C:\\Program Files (x86)\\NVIDIA Corporation\\PhysX\\Common;D:\\TortoiseSVN\\bin;C:\\WINDOWS\\system32;C:\\WINDOWS;C:\\WINDOWS\\System32\\Wbem;C:\\WINDOWS\\System32\\WindowsPowerShell\\v1.0\\;C:\\ProgramData\\ComposerSetup\\bin;D:\\Git\\cmd;C:\\WINDOWS\\system32\\config\\systemprofile\\AppData\\Local\\Microsoft\\WindowsApps'
    'SystemRoot' => 'C:\\WINDOWS'
    'COMSPEC' => 'C:\\WINDOWS\\system32\\cmd.exe'
    'PATHEXT' => '.COM;.EXE;.BAT;.CMD;.VBS;.VBE;.JS;.JSE;.WSF;.WSH;.MSC'
    'WINDIR' => 'C:\\WINDOWS'
    'SERVER_SIGNATURE' => '<address>Apache/2.4.9 (Win32) Server at www.dms.com Port 80</address>
'
    'SERVER_SOFTWARE' => 'Apache/2.4.9 (Win32)'
    'SERVER_NAME' => 'www.dms.com'
    'SERVER_ADDR' => '127.0.0.1'
    'SERVER_PORT' => '80'
    'REMOTE_ADDR' => '127.0.0.1'
    'DOCUMENT_ROOT' => 'G:/wamp/www/dms/dms/web'
    'REQUEST_SCHEME' => 'http'
    'CONTEXT_PREFIX' => ''
    'CONTEXT_DOCUMENT_ROOT' => 'G:/wamp/www/dms/dms/web'
    'SERVER_ADMIN' => 'admin@example.com'
    'SCRIPT_FILENAME' => 'G:/wamp/www/dms/dms/web/index.php'
    'REMOTE_PORT' => '58417'
    'REDIRECT_URL' => '/ajax/send-email'
    'GATEWAY_INTERFACE' => 'CGI/1.1'
    'SERVER_PROTOCOL' => 'HTTP/1.1'
    'REQUEST_METHOD' => 'POST'
    'QUERY_STRING' => ''
    'REQUEST_URI' => '/ajax/send-email'
    'SCRIPT_NAME' => '/index.php'
    'PHP_SELF' => '/index.php'
    'REQUEST_TIME_FLOAT' => 1483685503.378
    'REQUEST_TIME' => 1483685503
]
2017-01-06 07:52:33 [127.0.0.1][-][-][error][yii\base\ErrorException:1] exception 'yii\base\ErrorException' with message 'Class 'dms\events\Yii' not found' in G:\wamp\www\dms\dms\events\initSiteConfig.php:15
Stack trace:
#0 [internal function]: yii\base\ErrorHandler->handleFatalError()
#1 {main}
2017-01-06 07:52:33 [127.0.0.1][-][-][info][application] $_POST = [
    '_csrf-dms' => 'UXA5dlMzVFZhSGBADEMBHTwlfTp.BBNuHCF6DABLFhE5HA9FJ349Mg=='
    'System' => [
        'smtp_service' => '1'
        'smtp_ssl' => '0'
        'smtp_host' => 'smtp.ym.163.com'
        'smtp_port' => '25'
        'smtp_from' => 'zhanplus@ds9b.com'
        'smtp_username' => 'zhanplus@ds9b.com'
        'smtp_password' => 'easyscm1123'
        'smtp_charset' => '1'
    ]
    'test' => '179611207@qq.com'
    'update-button' => ''
]

$_COOKIE = [
    '_csrf-dms' => '2f42b40637c95a1c7ff8e3c1d5e8ebb08ce63ee51444a0b4dbe3a19fc298878fa:2:{i:0;s:9:\"_csrf-dms\";i:1;s:32:\"08Y6_pUKmUDL-7G8MQCzSxBGhl63tMid\";}'
    'advanced-dms' => 'ju5pihr4a4lf3roq0ehfig06o5'
    '_identity-dms' => 'c20ea7d1cba940a93ad09a2e2295beeac816cc9fba0298fff2f4d560951436a0a:2:{i:0;s:13:\"_identity-dms\";i:1;s:46:\"[1,\"BXVEZBxBX8IfnV2ZvZteYALorDvJ7JK3\",2592000]\";}'
]

$_SERVER = [
    'REDIRECT_STATUS' => '200'
    'HTTP_HOST' => 'www.dms.com'
    'HTTP_CONNECTION' => 'keep-alive'
    'CONTENT_LENGTH' => '390'
    'HTTP_CACHE_CONTROL' => 'max-age=0'
    'HTTP_ORIGIN' => 'http://www.dms.com'
    'HTTP_UPGRADE_INSECURE_REQUESTS' => '1'
    'HTTP_USER_AGENT' => 'Mozilla/5.0 (Windows NT 10.0; WOW64) AppleWebKit/537.36 (KHTML, like Gecko) Chrome/55.0.2883.87 Safari/537.36'
    'CONTENT_TYPE' => 'application/x-www-form-urlencoded'
    'HTTP_ACCEPT' => 'text/html,application/xhtml+xml,application/xml;q=0.9,image/webp,*/*;q=0.8'
    'HTTP_REFERER' => 'http://www.dms.com/system/smtp'
    'HTTP_ACCEPT_ENCODING' => 'gzip, deflate'
    'HTTP_ACCEPT_LANGUAGE' => 'zh-CN,zh;q=0.8'
    'HTTP_COOKIE' => '_csrf-dms=2f42b40637c95a1c7ff8e3c1d5e8ebb08ce63ee51444a0b4dbe3a19fc298878fa%3A2%3A%7Bi%3A0%3Bs%3A9%3A%22_csrf-dms%22%3Bi%3A1%3Bs%3A32%3A%2208Y6_pUKmUDL-7G8MQCzSxBGhl63tMid%22%3B%7D; advanced-dms=ju5pihr4a4lf3roq0ehfig06o5; _identity-dms=c20ea7d1cba940a93ad09a2e2295beeac816cc9fba0298fff2f4d560951436a0a%3A2%3A%7Bi%3A0%3Bs%3A13%3A%22_identity-dms%22%3Bi%3A1%3Bs%3A46%3A%22%5B1%2C%22BXVEZBxBX8IfnV2ZvZteYALorDvJ7JK3%22%2C2592000%5D%22%3B%7D'
    'PATH' => 'C:\\ProgramData\\Oracle\\Java\\javapath;C:\\windows\\system32;C:\\windows;D:\\wamp\\bin\\php\\php5.5.12;C:\\Program Files (x86)\\NVIDIA Corporation\\PhysX\\Common;D:\\TortoiseSVN\\bin;C:\\WINDOWS\\system32;C:\\WINDOWS;C:\\WINDOWS\\System32\\Wbem;C:\\WINDOWS\\System32\\WindowsPowerShell\\v1.0\\;C:\\ProgramData\\ComposerSetup\\bin;D:\\Git\\cmd;C:\\WINDOWS\\system32\\config\\systemprofile\\AppData\\Local\\Microsoft\\WindowsApps'
    'SystemRoot' => 'C:\\WINDOWS'
    'COMSPEC' => 'C:\\WINDOWS\\system32\\cmd.exe'
    'PATHEXT' => '.COM;.EXE;.BAT;.CMD;.VBS;.VBE;.JS;.JSE;.WSF;.WSH;.MSC'
    'WINDIR' => 'C:\\WINDOWS'
    'SERVER_SIGNATURE' => '<address>Apache/2.4.9 (Win32) Server at www.dms.com Port 80</address>
'
    'SERVER_SOFTWARE' => 'Apache/2.4.9 (Win32)'
    'SERVER_NAME' => 'www.dms.com'
    'SERVER_ADDR' => '127.0.0.1'
    'SERVER_PORT' => '80'
    'REMOTE_ADDR' => '127.0.0.1'
    'DOCUMENT_ROOT' => 'G:/wamp/www/dms/dms/web'
    'REQUEST_SCHEME' => 'http'
    'CONTEXT_PREFIX' => ''
    'CONTEXT_DOCUMENT_ROOT' => 'G:/wamp/www/dms/dms/web'
    'SERVER_ADMIN' => 'admin@example.com'
    'SCRIPT_FILENAME' => 'G:/wamp/www/dms/dms/web/index.php'
    'REMOTE_PORT' => '58442'
    'REDIRECT_URL' => '/system/smtp'
    'GATEWAY_INTERFACE' => 'CGI/1.1'
    'SERVER_PROTOCOL' => 'HTTP/1.1'
    'REQUEST_METHOD' => 'POST'
    'QUERY_STRING' => ''
    'REQUEST_URI' => '/system/smtp'
    'SCRIPT_NAME' => '/index.php'
    'PHP_SELF' => '/index.php'
    'REQUEST_TIME_FLOAT' => 1483685553.359
    'REQUEST_TIME' => 1483685553
]
2017-01-06 17:08:11 [127.0.0.1][-][-][error][yii\db\Exception] exception 'PDOException' with message 'SQLSTATE[HY000] [2002] 由于目标计算机积极拒绝，无法连接。
' in G:\wamp\www\dms\vendor\yiisoft\yii2\db\Connection.php:602
Stack trace:
#0 G:\wamp\www\dms\vendor\yiisoft\yii2\db\Connection.php(602): PDO->__construct('mysql:host=loca...', 'root', '', NULL)
#1 G:\wamp\www\dms\vendor\yiisoft\yii2\db\Connection.php(544): yii\db\Connection->createPdoInstance()
#2 G:\wamp\www\dms\vendor\yiisoft\yii2\db\Connection.php(863): yii\db\Connection->open()
#3 G:\wamp\www\dms\vendor\yiisoft\yii2\db\Connection.php(850): yii\db\Connection->getMasterPdo()
#4 G:\wamp\www\dms\vendor\yiisoft\yii2\db\Schema.php(478): yii\db\Connection->getSlavePdo()
#5 G:\wamp\www\dms\vendor\yiisoft\yii2\db\Connection.php(759): yii\db\Schema->quoteValue('<span class="st...')
#6 G:\wamp\www\dms\vendor\yiisoft\yii2\db\Command.php(175): yii\db\Connection->quoteValue('<span class="st...')
#7 G:\wamp\www\dms\vendor\yiisoft\yii2\db\Command.php(869): yii\db\Command->getRawSql()
#8 G:\wamp\www\dms\vendor\yiisoft\yii2\db\Command.php(376): yii\db\Command->queryInternal('<span class="st...', '<span class="ke...')
#9 G:\wamp\www\dms\vendor\yiisoft\yii2\db\Query.php(247): yii\db\Command->queryOne()
#10 G:\wamp\www\dms\vendor\yiisoft\yii2\db\ActiveQuery.php(295): yii\db\Query->one('<span class="ke...')
#11 G:\wamp\www\dms\vendor\yiisoft\yii2\db\BaseActiveRecord.php(107): yii\db\ActiveQuery->one()
#12 G:\wamp\www\dms\dms\models\System.php(79): yii\db\BaseActiveRecord::findOne('[<span class="s...')
#13 G:\wamp\www\dms\dms\controllers\SiteController.php(66): dms\models\System::getValue('<span class="st...')
#14 G:\wamp\www\dms\vendor\yiisoft\yii2\base\Controller.php(220): dms\controllers\SiteController->actions()
#15 G:\wamp\www\dms\vendor\yiisoft\yii2\base\Controller.php(123): yii\base\Controller->createAction('<span class="st...')
#16 G:\wamp\www\dms\vendor\yiisoft\yii2\base\Module.php(454): yii\base\Controller->runAction('<span class="st...', '[]')
#17 G:\wamp\www\dms\vendor\yiisoft\yii2\web\Application.php(100): yii\base\Module->runAction('<span class="st...', '[]')
#18 G:\wamp\www\dms\vendor\yiisoft\yii2\base\Application.php(375): yii\web\Application->handleRequest(Object(yii\web\Request))
#19 G:\wamp\www\dms\dms\web\index.php(14): yii\base\Application->run()
#20 {main}

Next exception 'yii\db\Exception' with message 'SQLSTATE[HY000] [2002] 由于目标计算机积极拒绝，无法连接。
' in G:\wamp\www\dms\vendor\yiisoft\yii2\db\Connection.php:549
Stack trace:
#0 G:\wamp\www\dms\vendor\yiisoft\yii2\db\Connection.php(863): yii\db\Connection->open()
#1 G:\wamp\www\dms\vendor\yiisoft\yii2\db\Connection.php(850): yii\db\Connection->getMasterPdo()
#2 G:\wamp\www\dms\vendor\yiisoft\yii2\db\Schema.php(478): yii\db\Connection->getSlavePdo()
#3 G:\wamp\www\dms\vendor\yiisoft\yii2\db\Connection.php(759): yii\db\Schema->quoteValue('<span class="st...')
#4 G:\wamp\www\dms\vendor\yiisoft\yii2\db\Command.php(175): yii\db\Connection->quoteValue('<span class="st...')
#5 G:\wamp\www\dms\vendor\yiisoft\yii2\db\Command.php(869): yii\db\Command->getRawSql()
#6 G:\wamp\www\dms\vendor\yiisoft\yii2\db\Command.php(376): yii\db\Command->queryInternal('<span class="st...', '<span class="ke...')
#7 G:\wamp\www\dms\vendor\yiisoft\yii2\db\Query.php(247): yii\db\Command->queryOne()
#8 G:\wamp\www\dms\vendor\yiisoft\yii2\db\ActiveQuery.php(295): yii\db\Query->one('<span class="ke...')
#9 G:\wamp\www\dms\vendor\yiisoft\yii2\db\BaseActiveRecord.php(107): yii\db\ActiveQuery->one()
#10 G:\wamp\www\dms\dms\models\System.php(79): yii\db\BaseActiveRecord::findOne('[<span class="s...')
#11 G:\wamp\www\dms\dms\controllers\SiteController.php(66): dms\models\System::getValue('<span class="st...')
#12 G:\wamp\www\dms\vendor\yiisoft\yii2\base\Controller.php(220): dms\controllers\SiteController->actions()
#13 G:\wamp\www\dms\vendor\yiisoft\yii2\base\Controller.php(123): yii\base\Controller->createAction('<span class="st...')
#14 G:\wamp\www\dms\vendor\yiisoft\yii2\base\Module.php(454): yii\base\Controller->runAction('<span class="st...', '[]')
#15 G:\wamp\www\dms\vendor\yiisoft\yii2\web\Application.php(100): yii\base\Module->runAction('<span class="st...', '[]')
#16 G:\wamp\www\dms\vendor\yiisoft\yii2\base\Application.php(375): yii\web\Application->handleRequest(Object(yii\web\Request))
#17 G:\wamp\www\dms\dms\web\index.php(14): yii\base\Application->run()
#18 {main}
Additional Information:

2017-01-06 17:08:02 [127.0.0.1][-][-][info][application] $_COOKIE = [
    '_identity-dms' => 'c20ea7d1cba940a93ad09a2e2295beeac816cc9fba0298fff2f4d560951436a0a:2:{i:0;s:13:\"_identity-dms\";i:1;s:46:\"[1,\"BXVEZBxBX8IfnV2ZvZteYALorDvJ7JK3\",2592000]\";}'
]

$_SERVER = [
    'HTTP_HOST' => 'www.dms.com'
    'HTTP_CONNECTION' => 'keep-alive'
    'HTTP_UPGRADE_INSECURE_REQUESTS' => '1'
    'HTTP_USER_AGENT' => 'Mozilla/5.0 (Windows NT 10.0; WOW64) AppleWebKit/537.36 (KHTML, like Gecko) Chrome/55.0.2883.87 Safari/537.36'
    'HTTP_ACCEPT' => 'text/html,application/xhtml+xml,application/xml;q=0.9,image/webp,*/*;q=0.8'
    'HTTP_ACCEPT_ENCODING' => 'gzip, deflate, sdch'
    'HTTP_ACCEPT_LANGUAGE' => 'zh-CN,zh;q=0.8'
    'HTTP_COOKIE' => '_identity-dms=c20ea7d1cba940a93ad09a2e2295beeac816cc9fba0298fff2f4d560951436a0a%3A2%3A%7Bi%3A0%3Bs%3A13%3A%22_identity-dms%22%3Bi%3A1%3Bs%3A46%3A%22%5B1%2C%22BXVEZBxBX8IfnV2ZvZteYALorDvJ7JK3%22%2C2592000%5D%22%3B%7D'
    'PATH' => 'C:\\ProgramData\\Oracle\\Java\\javapath;C:\\windows\\system32;C:\\windows;D:\\wamp\\bin\\php\\php5.5.12;C:\\Program Files (x86)\\NVIDIA Corporation\\PhysX\\Common;D:\\TortoiseSVN\\bin;C:\\WINDOWS\\system32;C:\\WINDOWS;C:\\WINDOWS\\System32\\Wbem;C:\\WINDOWS\\System32\\WindowsPowerShell\\v1.0\\;C:\\ProgramData\\ComposerSetup\\bin;D:\\Git\\cmd;C:\\WINDOWS\\system32\\config\\systemprofile\\AppData\\Local\\Microsoft\\WindowsApps'
    'SystemRoot' => 'C:\\WINDOWS'
    'COMSPEC' => 'C:\\WINDOWS\\system32\\cmd.exe'
    'PATHEXT' => '.COM;.EXE;.BAT;.CMD;.VBS;.VBE;.JS;.JSE;.WSF;.WSH;.MSC'
    'WINDIR' => 'C:\\WINDOWS'
    'SERVER_SIGNATURE' => '<address>Apache/2.4.9 (Win32) Server at www.dms.com Port 80</address>
'
    'SERVER_SOFTWARE' => 'Apache/2.4.9 (Win32)'
    'SERVER_NAME' => 'www.dms.com'
    'SERVER_ADDR' => '127.0.0.1'
    'SERVER_PORT' => '80'
    'REMOTE_ADDR' => '127.0.0.1'
    'DOCUMENT_ROOT' => 'G:/wamp/www/dms/dms/web'
    'REQUEST_SCHEME' => 'http'
    'CONTEXT_PREFIX' => ''
    'CONTEXT_DOCUMENT_ROOT' => 'G:/wamp/www/dms/dms/web'
    'SERVER_ADMIN' => 'admin@example.com'
    'SCRIPT_FILENAME' => 'G:/wamp/www/dms/dms/web/index.php'
    'REMOTE_PORT' => '49948'
    'GATEWAY_INTERFACE' => 'CGI/1.1'
    'SERVER_PROTOCOL' => 'HTTP/1.1'
    'REQUEST_METHOD' => 'GET'
    'QUERY_STRING' => ''
    'REQUEST_URI' => '/'
    'SCRIPT_NAME' => '/index.php'
    'PHP_SELF' => '/index.php'
    'REQUEST_TIME_FLOAT' => 1483718880.68
    'REQUEST_TIME' => 1483718880
]
2017-01-06 17:08:11 [127.0.0.1][-][-][error][yii\db\Exception] exception 'PDOException' with message 'SQLSTATE[HY000] [2002] 由于目标计算机积极拒绝，无法连接。
' in G:\wamp\www\dms\vendor\yiisoft\yii2\db\Connection.php:602
Stack trace:
#0 G:\wamp\www\dms\vendor\yiisoft\yii2\db\Connection.php(602): PDO->__construct('mysql:host=loca...', 'root', '', NULL)
#1 G:\wamp\www\dms\vendor\yiisoft\yii2\db\Connection.php(544): yii\db\Connection->createPdoInstance()
#2 G:\wamp\www\dms\vendor\yiisoft\yii2\db\Connection.php(863): yii\db\Connection->open()
#3 G:\wamp\www\dms\vendor\yiisoft\yii2\db\Connection.php(850): yii\db\Connection->getMasterPdo()
#4 G:\wamp\www\dms\vendor\yiisoft\yii2\db\Schema.php(478): yii\db\Connection->getSlavePdo()
#5 G:\wamp\www\dms\vendor\yiisoft\yii2\db\Connection.php(759): yii\db\Schema->quoteValue('<span class="st...')
#6 G:\wamp\www\dms\vendor\yiisoft\yii2\db\Command.php(175): yii\db\Connection->quoteValue('<span class="st...')
#7 G:\wamp\www\dms\vendor\yiisoft\yii2\db\Command.php(869): yii\db\Command->getRawSql()
#8 G:\wamp\www\dms\vendor\yiisoft\yii2\db\Command.php(376): yii\db\Command->queryInternal('<span class="st...', '<span class="ke...')
#9 G:\wamp\www\dms\vendor\yiisoft\yii2\db\Query.php(247): yii\db\Command->queryOne()
#10 G:\wamp\www\dms\vendor\yiisoft\yii2\db\ActiveQuery.php(295): yii\db\Query->one('<span class="ke...')
#11 G:\wamp\www\dms\vendor\yiisoft\yii2\db\BaseActiveRecord.php(107): yii\db\ActiveQuery->one()
#12 G:\wamp\www\dms\dms\models\System.php(79): yii\db\BaseActiveRecord::findOne('[<span class="s...')
#13 G:\wamp\www\dms\dms\controllers\SiteController.php(66): dms\models\System::getValue('<span class="st...')
#14 G:\wamp\www\dms\vendor\yiisoft\yii2\base\Controller.php(220): dms\controllers\SiteController->actions()
#15 G:\wamp\www\dms\vendor\yiisoft\yii2\base\Controller.php(123): yii\base\Controller->createAction('<span class="st...')
#16 G:\wamp\www\dms\vendor\yiisoft\yii2\base\Module.php(454): yii\base\Controller->runAction('<span class="st...', '[]')
#17 G:\wamp\www\dms\vendor\yiisoft\yii2\web\Application.php(100): yii\base\Module->runAction('<span class="st...', '[]')
#18 G:\wamp\www\dms\vendor\yiisoft\yii2\base\Application.php(375): yii\web\Application->handleRequest(Object(yii\web\Request))
#19 G:\wamp\www\dms\dms\web\index.php(14): yii\base\Application->run()
#20 {main}

Next exception 'yii\db\Exception' with message 'SQLSTATE[HY000] [2002] 由于目标计算机积极拒绝，无法连接。
' in G:\wamp\www\dms\vendor\yiisoft\yii2\db\Connection.php:549
Stack trace:
#0 G:\wamp\www\dms\vendor\yiisoft\yii2\db\Connection.php(863): yii\db\Connection->open()
#1 G:\wamp\www\dms\vendor\yiisoft\yii2\db\Connection.php(850): yii\db\Connection->getMasterPdo()
#2 G:\wamp\www\dms\vendor\yiisoft\yii2\db\Schema.php(478): yii\db\Connection->getSlavePdo()
#3 G:\wamp\www\dms\vendor\yiisoft\yii2\db\Connection.php(759): yii\db\Schema->quoteValue('<span class="st...')
#4 G:\wamp\www\dms\vendor\yiisoft\yii2\db\Command.php(175): yii\db\Connection->quoteValue('<span class="st...')
#5 G:\wamp\www\dms\vendor\yiisoft\yii2\db\Command.php(869): yii\db\Command->getRawSql()
#6 G:\wamp\www\dms\vendor\yiisoft\yii2\db\Command.php(376): yii\db\Command->queryInternal('<span class="st...', '<span class="ke...')
#7 G:\wamp\www\dms\vendor\yiisoft\yii2\db\Query.php(247): yii\db\Command->queryOne()
#8 G:\wamp\www\dms\vendor\yiisoft\yii2\db\ActiveQuery.php(295): yii\db\Query->one('<span class="ke...')
#9 G:\wamp\www\dms\vendor\yiisoft\yii2\db\BaseActiveRecord.php(107): yii\db\ActiveQuery->one()
#10 G:\wamp\www\dms\dms\models\System.php(79): yii\db\BaseActiveRecord::findOne('[<span class="s...')
#11 G:\wamp\www\dms\dms\controllers\SiteController.php(66): dms\models\System::getValue('<span class="st...')
#12 G:\wamp\www\dms\vendor\yiisoft\yii2\base\Controller.php(220): dms\controllers\SiteController->actions()
#13 G:\wamp\www\dms\vendor\yiisoft\yii2\base\Controller.php(123): yii\base\Controller->createAction('<span class="st...')
#14 G:\wamp\www\dms\vendor\yiisoft\yii2\base\Module.php(454): yii\base\Controller->runAction('<span class="st...', '[]')
#15 G:\wamp\www\dms\vendor\yiisoft\yii2\web\Application.php(100): yii\base\Module->runAction('<span class="st...', '[]')
#16 G:\wamp\www\dms\vendor\yiisoft\yii2\base\Application.php(375): yii\web\Application->handleRequest(Object(yii\web\Request))
#17 G:\wamp\www\dms\dms\web\index.php(14): yii\base\Application->run()
#18 {main}
Additional Information:

2017-01-06 17:08:02 [127.0.0.1][-][-][info][application] $_COOKIE = [
    '_identity-dms' => 'c20ea7d1cba940a93ad09a2e2295beeac816cc9fba0298fff2f4d560951436a0a:2:{i:0;s:13:\"_identity-dms\";i:1;s:46:\"[1,\"BXVEZBxBX8IfnV2ZvZteYALorDvJ7JK3\",2592000]\";}'
]

$_SERVER = [
    'HTTP_HOST' => 'www.dms.com'
    'HTTP_CONNECTION' => 'keep-alive'
    'HTTP_UPGRADE_INSECURE_REQUESTS' => '1'
    'HTTP_USER_AGENT' => 'Mozilla/5.0 (Windows NT 10.0; WOW64) AppleWebKit/537.36 (KHTML, like Gecko) Chrome/55.0.2883.87 Safari/537.36'
    'HTTP_ACCEPT' => 'text/html,application/xhtml+xml,application/xml;q=0.9,image/webp,*/*;q=0.8'
    'HTTP_ACCEPT_ENCODING' => 'gzip, deflate, sdch'
    'HTTP_ACCEPT_LANGUAGE' => 'zh-CN,zh;q=0.8'
    'HTTP_COOKIE' => '_identity-dms=c20ea7d1cba940a93ad09a2e2295beeac816cc9fba0298fff2f4d560951436a0a%3A2%3A%7Bi%3A0%3Bs%3A13%3A%22_identity-dms%22%3Bi%3A1%3Bs%3A46%3A%22%5B1%2C%22BXVEZBxBX8IfnV2ZvZteYALorDvJ7JK3%22%2C2592000%5D%22%3B%7D'
    'PATH' => 'C:\\ProgramData\\Oracle\\Java\\javapath;C:\\windows\\system32;C:\\windows;D:\\wamp\\bin\\php\\php5.5.12;C:\\Program Files (x86)\\NVIDIA Corporation\\PhysX\\Common;D:\\TortoiseSVN\\bin;C:\\WINDOWS\\system32;C:\\WINDOWS;C:\\WINDOWS\\System32\\Wbem;C:\\WINDOWS\\System32\\WindowsPowerShell\\v1.0\\;C:\\ProgramData\\ComposerSetup\\bin;D:\\Git\\cmd;C:\\WINDOWS\\system32\\config\\systemprofile\\AppData\\Local\\Microsoft\\WindowsApps'
    'SystemRoot' => 'C:\\WINDOWS'
    'COMSPEC' => 'C:\\WINDOWS\\system32\\cmd.exe'
    'PATHEXT' => '.COM;.EXE;.BAT;.CMD;.VBS;.VBE;.JS;.JSE;.WSF;.WSH;.MSC'
    'WINDIR' => 'C:\\WINDOWS'
    'SERVER_SIGNATURE' => '<address>Apache/2.4.9 (Win32) Server at www.dms.com Port 80</address>
'
    'SERVER_SOFTWARE' => 'Apache/2.4.9 (Win32)'
    'SERVER_NAME' => 'www.dms.com'
    'SERVER_ADDR' => '127.0.0.1'
    'SERVER_PORT' => '80'
    'REMOTE_ADDR' => '127.0.0.1'
    'DOCUMENT_ROOT' => 'G:/wamp/www/dms/dms/web'
    'REQUEST_SCHEME' => 'http'
    'CONTEXT_PREFIX' => ''
    'CONTEXT_DOCUMENT_ROOT' => 'G:/wamp/www/dms/dms/web'
    'SERVER_ADMIN' => 'admin@example.com'
    'SCRIPT_FILENAME' => 'G:/wamp/www/dms/dms/web/index.php'
    'REMOTE_PORT' => '49947'
    'GATEWAY_INTERFACE' => 'CGI/1.1'
    'SERVER_PROTOCOL' => 'HTTP/1.1'
    'REQUEST_METHOD' => 'GET'
    'QUERY_STRING' => ''
    'REQUEST_URI' => '/'
    'SCRIPT_NAME' => '/index.php'
    'PHP_SELF' => '/index.php'
    'REQUEST_TIME_FLOAT' => 1483718881.477
    'REQUEST_TIME' => 1483718881
]
